<?xml version="1.0" encoding="UTF-8"?>
<testng-results ignored="0" total="1" passed="1" failed="0" skipped="0">
  <reporter-output>
  </reporter-output>
  <suite started-at="2024-10-22T17:29:26 GMT-04:00" name="Suite" finished-at="2024-10-22T17:29:55 GMT-04:00" duration-ms="28873">
    <groups>
      <group name="cucumber">
        <method signature="AbstractTestNGCucumberTests.runScenario(io.cucumber.testng.PickleWrapper,io.cucumber.testng.FeatureWrapper)[pri:0, instance:CucmberOption.TestRunner@49c386c8]" name="runScenario" class="io.cucumber.testng.AbstractTestNGCucumberTests"/>
      </group> <!-- cucumber -->
    </groups>
    <test started-at="2024-10-22T17:29:26 GMT-04:00" name="validating user login" finished-at="2024-10-22T17:29:55 GMT-04:00" duration-ms="28873">
      <class name="CucmberOption.TestRunner">
        <test-method is-config="true" signature="setUpClass(org.testng.ITestContext)[pri:0, instance:CucmberOption.TestRunner@49c386c8]" started-at="2024-10-22T17:29:26 GMT-04:00" name="setUpClass" finished-at="2024-10-22T17:29:26 GMT-04:00" duration-ms="260" status="PASS">
          <params>
            <param index="0">
              <value>
                <![CDATA[org.testng.TestRunner@15ff3e9e]]>
              </value>
            </param>
          </params>
          <reporter-output>
          </reporter-output>
        </test-method> <!-- setUpClass -->
        <test-method signature="runScenario(io.cucumber.testng.PickleWrapper,io.cucumber.testng.FeatureWrapper)[pri:0, instance:CucmberOption.TestRunner@49c386c8]" started-at="2024-10-22T17:29:26 GMT-04:00" name="runScenario" description="Runs Cucumber Scenarios" data-provider="scenarios" finished-at="2024-10-22T17:29:55 GMT-04:00" duration-ms="28561" status="PASS">
          <params>
            <param index="0">
              <value>
                <![CDATA["Positive test validation login"]]>
              </value>
            </param>
            <param index="1">
              <value>
                <![CDATA["Login into application"]]>
              </value>
            </param>
          </params>
          <reporter-output>
          </reporter-output>
        </test-method> <!-- runScenario -->
        <test-method is-config="true" signature="tearDownClass()[pri:0, instance:CucmberOption.TestRunner@49c386c8]" started-at="2024-10-22T17:29:55 GMT-04:00" name="tearDownClass" finished-at="2024-10-22T17:29:55 GMT-04:00" duration-ms="4" status="PASS">
          <reporter-output>
          </reporter-output>
        </test-method> <!-- tearDownClass -->
      </class> <!-- CucmberOption.TestRunner -->
    </test> <!-- validating user login -->
  </suite> <!-- Suite -->
</testng-results>
